==============================================================================
Suites                                                                        
==============================================================================
Suites.DataDrivenTesting1                                                     
==============================================================================
Test1                                                                 | PASS |
------------------------------------------------------------------------------
Test2                                                                 | PASS |
------------------------------------------------------------------------------
Test3                                                                 | PASS |
------------------------------------------------------------------------------
Test4                                                                 | PASS |
------------------------------------------------------------------------------
Suites.DataDrivenTesting1                                             | PASS |
4 tests, 4 passed, 0 failed
==============================================================================
Suites                                                                | PASS |
4 tests, 4 passed, 0 failed
==============================================================================
Output:  E:\Automation\Robot Framework\pabot_results\0\output.xml
